# JRE version: Java(TM) SE Runtime Environment (8.0_171-b11) (build 1.8.0_171-b11)
# Java VM: Java HotSpot(TM) 64-Bit Server VM (25.171-b11 mixed mode windows-amd64 compressed oops)
Heap:
 PSYoungGen      total 76288K, used 70281K [0x000000076af80000, 0x0000000774480000, 0x00000007c0000000)
  eden space 65536K, 90% used [0x000000076af80000,0x000000076e9aa510,0x000000076ef80000)
  from space 10752K, 99% used [0x000000076ef80000,0x000000076f9f8028,0x000000076fa00000)
  to   space 10752K, 0% used [0x0000000773a00000,0x0000000773a00000,0x0000000774480000)
 ParOldGen       total 175104K, used 55588K [0x00000006c0e00000, 0x00000006cb900000, 0x000000076af80000)
  object space 175104K, 31% used [0x00000006c0e00000,0x00000006c44491a0,0x00000006cb900000)
 Metaspace       used 8429K, capacity 8595K, committed 8704K, reserved 1056768K
  class space    used 862K, capacity 922K, committed 1024K, reserved 1048576K
GC Heap History (6 events):
Event: 1.317 GC heap before
{Heap before GC invocations=1 (full 0):
 PSYoungGen      total 76288K, used 59043K [0x000000076af80000, 0x0000000770480000, 0x00000007c0000000)
  eden space 65536K, 90% used [0x000000076af80000,0x000000076e928c58,0x000000076ef80000)
  from space 10752K, 0% used [0x000000076fa00000,0x000000076fa00000,0x0000000770480000)
  to   space 10752K, 0% used [0x000000076ef80000,0x000000076ef80000,0x000000076fa00000)
 ParOldGen       total 175104K, used 0K [0x00000006c0e00000, 0x00000006cb900000, 0x000000076af80000)
  object space 175104K, 0% used [0x00000006c0e00000,0x00000006c0e00000,0x00000006cb900000)
 Metaspace       used 8236K, capacity 8371K, committed 8576K, reserved 1056768K
  class space    used 849K, capacity 890K, committed 896K, reserved 1048576K
Event: 1.326 GC heap after
Heap after GC invocations=1 (full 0):
 PSYoungGen      total 76288K, used 10277K [0x000000076af80000, 0x0000000770480000, 0x00000007c0000000)
  eden space 65536K, 0% used [0x000000076af80000,0x000000076af80000,0x000000076ef80000)
  from space 10752K, 95% used [0x000000076ef80000,0x000000076f989468,0x000000076fa00000)
  to   space 10752K, 0% used [0x000000076fa00000,0x000000076fa00000,0x0000000770480000)
 ParOldGen       total 175104K, used 24544K [0x00000006c0e00000, 0x00000006cb900000, 0x000000076af80000)
  object space 175104K, 14% used [0x00000006c0e00000,0x00000006c25f8040,0x00000006cb900000)
 Metaspace       used 8236K, capacity 8371K, committed 8576K, reserved 1056768K
  class space    used 849K, capacity 890K, committed 896K, reserved 1048576K
}
Event: 1.370 GC heap before
{Heap before GC invocations=2 (full 0):
 PSYoungGen      total 76288K, used 75813K [0x000000076af80000, 0x0000000770480000, 0x00000007c0000000)
  eden space 65536K, 100% used [0x000000076af80000,0x000000076ef80000,0x000000076ef80000)
  from space 10752K, 95% used [0x000000076ef80000,0x000000076f989468,0x000000076fa00000)
  to   space 10752K, 0% used [0x000000076fa00000,0x000000076fa00000,0x0000000770480000)
 ParOldGen       total 175104K, used 24544K [0x00000006c0e00000, 0x00000006cb900000, 0x000000076af80000)
  object space 175104K, 14% used [0x00000006c0e00000,0x00000006c25f8040,0x00000006cb900000)
 Metaspace       used 8256K, capacity 8371K, committed 8576K, reserved 1056768K
  class space    used 849K, capacity 890K, committed 896K, reserved 1048576K
Event: 1.382 GC heap after
Heap after GC invocations=2 (full 0):
 PSYoungGen      total 76288K, used 10736K [0x000000076af80000, 0x0000000774480000, 0x00000007c0000000)
  eden space 65536K, 0% used [0x000000076af80000,0x000000076af80000,0x000000076ef80000)
  from space 10752K, 99% used [0x000000076fa00000,0x000000077047c038,0x0000000770480000)
  to   space 10752K, 0% used [0x000000076ef80000,0x000000076ef80000,0x000000076fa00000)
 ParOldGen       total 175104K, used 55536K [0x00000006c0e00000, 0x00000006cb900000, 0x000000076af80000)
  object space 175104K, 31% used [0x00000006c0e00000,0x00000006c443c190,0x00000006cb900000)
 Metaspace       used 8256K, capacity 8371K, committed 8576K, reserved 1056768K
  class space    used 849K, capacity 890K, committed 896K, reserved 1048576K
}
Event: 1.437 GC heap before
{Heap before GC invocations=3 (full 0):
 PSYoungGen      total 76288K, used 76272K [0x000000076af80000, 0x0000000774480000, 0x00000007c0000000)
  eden space 65536K, 100% used [0x000000076af80000,0x000000076ef80000,0x000000076ef80000)
  from space 10752K, 99% used [0x000000076fa00000,0x000000077047c038,0x0000000770480000)
  to   space 10752K, 0% used [0x000000076ef80000,0x000000076ef80000,0x000000076fa00000)
 ParOldGen       total 175104K, used 55536K [0x00000006c0e00000, 0x00000006cb900000, 0x000000076af80000)
  object space 175104K, 31% used [0x00000006c0e00000,0x00000006c443c190,0x00000006cb900000)
 Metaspace       used 8256K, capacity 8371K, committed 8576K, reserved 1056768K
  class space    used 849K, capacity 890K, committed 896K, reserved 1048576K
Event: 1.438 GC heap after
Heap after GC invocations=3 (full 0):
 PSYoungGen      total 76288K, used 10720K [0x000000076af80000, 0x0000000774480000, 0x00000007c0000000)
  eden space 65536K, 0% used [0x000000076af80000,0x000000076af80000,0x000000076ef80000)
  from space 10752K, 99% used [0x000000076ef80000,0x000000076f9f8028,0x000000076fa00000)
  to   space 10752K, 0% used [0x0000000773a00000,0x0000000773a00000,0x0000000774480000)
 ParOldGen       total 175104K, used 55588K [0x00000006c0e00000, 0x00000006cb900000, 0x000000076af80000)
  object space 175104K, 31% used [0x00000006c0e00000,0x00000006c44491a0,0x00000006cb900000)
 Metaspace       used 8256K, capacity 8371K, committed 8576K, reserved 1056768K
  class space    used 849K, capacity 890K, committed 896K, reserved 1048576K
}

